#
# There is insufficient memory for the Java Runtime Environment to continue.
# Native memory allocation (mmap) failed to map 132120576 bytes for G1 virtual space
# Possible reasons:
#   The system is out of physical RAM or swap space
#   The process is running with CompressedOops enabled, and the Java Heap may be blocking the growth of the native heap
# Possible solutions:
#   Reduce memory load on the system
#   Increase physical memory or swap space
#   Check if swap backing store is full
#   Decrease Java heap size (-Xmx/-Xms)
#   Decrease number of Java threads
#   Decrease Java thread stack sizes (-Xss)
#   Set larger code cache with -XX:ReservedCodeCacheSize=
#   JVM is running with Unscaled Compressed Oops mode in which the Java heap is
#     placed in the first 4GB address space. The Java Heap base address is the
#     maximum limit for the native heap growth. Please use -XX:HeapBaseMinAddress
#     to set the Java Heap base and to place the Java Heap above 4GB virtual address.
# This output file may be truncated or incomplete.
#
#  Out of Memory Error (os_windows.cpp:3825), pid=38216, tid=28800
#
# JRE version:  (17.0.9) (build )
# Java VM: OpenJDK 64-Bit Server VM (17.0.9+0--11185874, mixed mode, sharing, tiered, compressed oops, compressed class ptrs, g1 gc, windows-amd64)
# No core dump will be written. Minidumps are not enabled by default on client versions of Windows
#

---------------  S U M M A R Y ------------

Command Line: git4idea.http.GitAskPassApp Username for 'https://github.com': 

Host: Intel(R) Core(TM) i5-10210U CPU @ 1.60GHz, 8 cores, 7G,  Windows 11 , 64 bit Build 22621 (10.0.22621.3085)
Time: Fri Mar 22 06:24:12 2024 Egypt Standard Time elapsed time: 0.198471 seconds (0d 0h 0m 0s)

---------------  T H R E A D  ---------------

Current thread (0x000001627a22b050):  JavaThread "Unknown thread" [_thread_in_vm, id=28800, stack(0x0000004dbdf00000,0x0000004dbe000000)]

Stack: [0x0000004dbdf00000,0x0000004dbe000000]
Native frames: (J=compiled Java code, j=interpreted, Vv=VM code, C=native code)
V  [jvm.dll+0x6886e9]
V  [jvm.dll+0x841e4a]
V  [jvm.dll+0x843a8e]
V  [jvm.dll+0x8440f3]
V  [jvm.dll+0x24c14f]
V  [jvm.dll+0x685499]
V  [jvm.dll+0x679c2a]
V  [jvm.dll+0x30cf9b]
V  [jvm.dll+0x314446]
V  [jvm.dll+0x36425e]
V  [jvm.dll+0x36448f]
V  [jvm.dll+0x2e2d68]
V  [jvm.dll+0x2e3cd4]
V  [jvm.dll+0x8129f1]
V  [jvm.dll+0x3720c1]
V  [jvm.dll+0x7f152c]
V  [jvm.dll+0x3f5d4f]
V  [jvm.dll+0x3f7981]
C  [jli.dll+0x528f]
C  [ucrtbase.dll+0x29363]
C  [KERNEL32.DLL+0x1257d]
C  [ntdll.dll+0x5aa58]


---------------  P R O C E S S  ---------------

Threads class SMR info:
_java_thread_list=0x00007ffa30d4ef18, length=0, elements={
}

Java Threads: ( => current thread )

Other Threads:
  0x000001627a285ad0 GCTaskThread "GC Thread#0" [stack: 0x0000004dbe000000,0x0000004dbe100000] [id=9280]
  0x000001627a296420 ConcurrentGCThread "G1 Main Marker" [stack: 0x0000004dbe100000,0x0000004dbe200000] [id=37864]
  0x000001627a296e40 ConcurrentGCThread "G1 Conc#0" [stack: 0x0000004dbe200000,0x0000004dbe300000] [id=38680]

[error occurred during error reporting (printing all threads), id 0xc0000005, EXCEPTION_ACCESS_VIOLATION (0xc0000005) at pc=0x00007ffa30503937]

VM state: not at safepoint (not fully initialized)

VM Mutex/Monitor currently owned by a thread:  ([mutex/lock_event])
[0x000001627a226700] Heap_lock - owner thread: 0x000001627a22b050

Heap address: 0x0000000083000000, size: 2000 MB, Compressed Oops mode: 32-bit

CDS archive(s) mapped at: [0x0000000000000000-0x0000000000000000-0x0000000000000000), size 0, SharedBaseAddress: 0x0000000800000000, ArchiveRelocationMode: 1.
Narrow klass base: 0x0000000000000000, Narrow klass shift: 0, Narrow klass range: 0x0

GC Precious Log:
<Empty>

Heap:
 garbage-first heap   total 0K, used 0K [0x0000000083000000, 0x0000000100000000)
  region size 1024K, 0 young (0K), 0 survivors (0K)
 Metaspace       used 0K, committed 0K, reserved 0K
  class space    used 0K, committed 0K, reserved 0K

Heap Regions: E=young(eden), S=young(survivor), O=old, HS=humongous(starts), HC=humongous(continues), CS=collection set, F=free, OA=open archive, CA=closed archive, TAMS=top-at-mark-start (previous, next)

Card table byte_map: [0x000001627de20000,0x000001627e210000] _byte_map_base: 0x000001627da08000

Marking Bits (Prev, Next): (CMBitMap*) 0x000001627a2860f0, (CMBitMap*) 0x000001627a286130
 Prev Bits: [0x000001620f000000, 0x0000016210f40000)
 Next Bits: [0x0000016210f40000, 0x0000016212e80000)

GC Heap History (0 events):
No events

Dll operation events (1 events):
Event: 0.103 Loaded shared library C:\Program Files\Android\Android Studio1\jbr\bin\java.dll

Deoptimization events (0 events):
No events

Classes unloaded (0 events):
No events

Classes redefined (0 events):
No events

Internal exceptions (0 events):
No events

VM Operations (0 events):
No events

Events (0 events):
No events


Dynamic libraries:
0x00007ff7516d0000 - 0x00007ff7516da000 	C:\Program Files\Android\Android Studio1\jbr\bin\java.exe
0x00007ffa7b0f0000 - 0x00007ffa7b307000 	C:\WINDOWS\SYSTEM32\ntdll.dll
0x00007ffa7a440000 - 0x00007ffa7a504000 	C:\WINDOWS\System32\KERNEL32.DLL
0x00007ffa784d0000 - 0x00007ffa78876000 	C:\WINDOWS\System32\KERNELBASE.dll
0x00007ffa789b0000 - 0x00007ffa78ac1000 	C:\WINDOWS\System32\ucrtbase.dll
0x00007ffa6c580000 - 0x00007ffa6c59b000 	C:\Program Files\Android\Android Studio1\jbr\bin\VCRUNTIME140.dll
0x00007ffa650a0000 - 0x00007ffa650b7000 	C:\Program Files\Android\Android Studio1\jbr\bin\jli.dll
0x00007ffa79960000 - 0x00007ffa79b0e000 	C:\WINDOWS\System32\USER32.dll
0x00007ffa78d60000 - 0x00007ffa78d86000 	C:\WINDOWS\System32\win32u.dll
0x00007ffa78e60000 - 0x00007ffa78e89000 	C:\WINDOWS\System32\GDI32.dll
0x00007ffa78ad0000 - 0x00007ffa78be8000 	C:\WINDOWS\System32\gdi32full.dll
0x00007ffa78430000 - 0x00007ffa784ca000 	C:\WINDOWS\System32\msvcp_win.dll
0x00007ffa56460000 - 0x00007ffa566f3000 	C:\WINDOWS\WinSxS\amd64_microsoft.windows.common-controls_6595b64144ccf1df_6.0.22621.2506_none_270c5ae97388e100\COMCTL32.dll
0x00007ffa79b10000 - 0x00007ffa79bb7000 	C:\WINDOWS\System32\msvcrt.dll
0x00007ffa7a120000 - 0x00007ffa7a151000 	C:\WINDOWS\System32\IMM32.DLL
0x00007ffa74dc0000 - 0x00007ffa74dcc000 	C:\Program Files\Android\Android Studio1\jbr\bin\vcruntime140_1.dll
0x00007ffa49110000 - 0x00007ffa4919d000 	C:\Program Files\Android\Android Studio1\jbr\bin\msvcp140.dll
0x00007ffa30210000 - 0x00007ffa30e93000 	C:\Program Files\Android\Android Studio1\jbr\bin\server\jvm.dll
0x00007ffa79bc0000 - 0x00007ffa79c73000 	C:\WINDOWS\System32\ADVAPI32.dll
0x00007ffa7a790000 - 0x00007ffa7a838000 	C:\WINDOWS\System32\sechost.dll
0x00007ffa78d90000 - 0x00007ffa78db8000 	C:\WINDOWS\System32\bcrypt.dll
0x00007ffa7a160000 - 0x00007ffa7a277000 	C:\WINDOWS\System32\RPCRT4.dll
0x00007ffa77710000 - 0x00007ffa7775d000 	C:\WINDOWS\SYSTEM32\POWRPROF.dll
0x00007ffa740a0000 - 0x00007ffa740aa000 	C:\WINDOWS\SYSTEM32\VERSION.dll
0x00007ffa70a70000 - 0x00007ffa70a79000 	C:\WINDOWS\SYSTEM32\WSOCK32.dll
0x00007ffa74e40000 - 0x00007ffa74e74000 	C:\WINDOWS\SYSTEM32\WINMM.dll
0x00007ffa7b030000 - 0x00007ffa7b0a1000 	C:\WINDOWS\System32\WS2_32.dll
0x00007ffa776f0000 - 0x00007ffa77703000 	C:\WINDOWS\SYSTEM32\UMPDC.dll
0x00007ffa774e0000 - 0x00007ffa774f8000 	C:\WINDOWS\SYSTEM32\kernel.appcore.dll
0x00007ffa70850000 - 0x00007ffa7085a000 	C:\Program Files\Android\Android Studio1\jbr\bin\jimage.dll
0x00007ffa75fb0000 - 0x00007ffa761e3000 	C:\WINDOWS\SYSTEM32\DBGHELP.DLL
0x00007ffa7ac90000 - 0x00007ffa7b019000 	C:\WINDOWS\System32\combase.dll
0x00007ffa7a300000 - 0x00007ffa7a3d7000 	C:\WINDOWS\System32\OLEAUT32.dll
0x00007ffa634a0000 - 0x00007ffa634d2000 	C:\WINDOWS\SYSTEM32\dbgcore.DLL
0x00007ffa78dc0000 - 0x00007ffa78e3a000 	C:\WINDOWS\System32\bcryptPrimitives.dll
0x00007ffa6d920000 - 0x00007ffa6d945000 	C:\Program Files\Android\Android Studio1\jbr\bin\java.dll

dbghelp: loaded successfully - version: 4.0.5 - missing functions: none
symbol engine: initialized successfully - sym options: 0x614 - pdb path: .;C:\Program Files\Android\Android Studio1\jbr\bin;C:\WINDOWS\SYSTEM32;C:\WINDOWS\WinSxS\amd64_microsoft.windows.common-controls_6595b64144ccf1df_6.0.22621.2506_none_270c5ae97388e100;C:\Program Files\Android\Android Studio1\jbr\bin\server

VM Arguments:
java_command: git4idea.http.GitAskPassApp Username for 'https://github.com': 
java_class_path (initial): C:/Program Files/Android/Android Studio1/plugins/vcs-git/lib/git4idea-rt.jar;C:/Program Files/Android/Android Studio1/lib/externalProcess-rt.jar
Launcher Type: SUN_STANDARD

[Global flags]
     intx CICompilerCount                          = 4                                         {product} {ergonomic}
     uint ConcGCThreads                            = 2                                         {product} {ergonomic}
     uint G1ConcRefinementThreads                  = 8                                         {product} {ergonomic}
   size_t G1HeapRegionSize                         = 1048576                                   {product} {ergonomic}
    uintx GCDrainStackTargetSize                   = 64                                        {product} {ergonomic}
   size_t InitialHeapSize                          = 132120576                                 {product} {ergonomic}
   size_t MarkStackSize                            = 4194304                                   {product} {ergonomic}
   size_t MaxHeapSize                              = 2097152000                                {product} {ergonomic}
   size_t MinHeapDeltaBytes                        = 1048576                                   {product} {ergonomic}
   size_t MinHeapSize                              = 8388608                                   {product} {ergonomic}
    uintx NonNMethodCodeHeapSize                   = 5839372                                {pd product} {ergonomic}
    uintx NonProfiledCodeHeapSize                  = 122909434                              {pd product} {ergonomic}
    uintx ProfiledCodeHeapSize                     = 122909434                              {pd product} {ergonomic}
    uintx ReservedCodeCacheSize                    = 251658240                              {pd product} {ergonomic}
     bool SegmentedCodeCache                       = true                                      {product} {ergonomic}
   size_t SoftMaxHeapSize                          = 2097152000                             {manageable} {ergonomic}
     bool UseCompressedClassPointers               = true                           {product lp64_product} {ergonomic}
     bool UseCompressedOops                        = true                           {product lp64_product} {ergonomic}
     bool UseG1GC                                  = true                                      {product} {ergonomic}
     bool UseLargePagesIndividualAllocation        = false                                  {pd product} {ergonomic}

Logging:
Log output configuration:
 #0: stdout all=warning uptime,level,tags
 #1: stderr all=off uptime,level,tags

Environment Variables:
JAVA_HOME=C:\Program Files\Java\jdk-19
PATH=C:/Program Files/Git/mingw64/libexec/git-core;C:/Program Files/Git/mingw64/libexec/git-core;C:\Program Files\Git\mingw64\bin;C:\Program Files\Git\usr\bin;C:\Users\zezo9\bin;C:\Program Files\Common Files\Oracle\Java\javapath;C:\Program Files (x86)\VMware\VMware Workstation\bin\;C:\WINDOWS\system32;C:\WINDOWS;C:\WINDOWS\System32\Wbem;C:\WINDOWS\System32\WindowsPowerShell\v1.0\;C:\WINDOWS\System32\OpenSSH\;C:\Program Files (x86)\MKVToolNix;C:\Program Files (x86)\NVIDIA Corporation\PhysX\Common;C:\Program Files\NVIDIA Corporation\NVIDIA NvDLISR;C:\Program Files\Java\jdk-19\bin;C:\Program Files\Git\cmd;C:\Program Files\dotnet\;C:\Program Files\MySQL\MySQL Shell 8.0\bin\;C:\Users\zezo9\AppData\Local\Microsoft\WindowsApps;C:\Users\zezo9\AppData\Local\Programs\Microsoft VS Code\bin;C:\MinGW\bin;C:\Users\zezo9\AppData\Local\GitHubDesktop\bin;C:\Program Files\CMake\bin
USERNAME=Ziad Helaly
DISPLAY=:0.0
LC_ALL=en_US.UTF-8
TERM=xterm-256color
TMPDIR=C:\Users\zezo9\AppData\Local\Temp
OS=Windows_NT
PROCESSOR_IDENTIFIER=Intel64 Family 6 Model 166 Stepping 0, GenuineIntel
TMP=C:\Users\zezo9\AppData\Local\Temp
TEMP=C:\Users\zezo9\AppData\Local\Temp



Periodic native trim disabled

JNI global refs:
JNI global refs: 0, weak refs: 0

JNI global refs memory usage: 0, weak refs: 0

OOME stack traces (most recent first):
Classloader memory used:


---------------  S Y S T E M  ---------------

OS:
 Windows 11 , 64 bit Build 22621 (10.0.22621.3085)
OS uptime: 24 days 7:31 hours

CPU: total 8 (initial active 8) (4 cores per cpu, 2 threads per core) family 6 model 166 stepping 0 microcode 0xf8, cx8, cmov, fxsr, ht, mmx, 3dnowpref, sse, sse2, sse3, ssse3, sse4.1, sse4.2, popcnt, lzcnt, tsc, tscinvbit, avx, avx2, aes, erms, clmul, bmi1, bmi2, adx, fma, vzeroupper, clflush, clflushopt
Processor Information for all 8 processors :
  Max Mhz: 2112, Current Mhz: 1609, Mhz Limit: 1605

Memory: 4k page, system-wide physical 7996M (1285M free)
TotalPageFile size 16188M (AvailPageFile size 65M)
current process WorkingSet (physical memory assigned to process): 11M, peak: 11M
current process commit charge ("private bytes"): 60M, peak: 186M

vm_info: OpenJDK 64-Bit Server VM (17.0.9+0--11185874) for windows-amd64 JRE (17.0.9+0--11185874), built on Dec  6 2023 18:57:44 by "androidbuild" with MS VC++ 16.10 / 16.11 (VS2019)

END.
